CRITICAL - 2023-04-12 21:38:40 --> include(./header.php): Failed to open stream: No such file or directory
in APPPATH\Views\Homepage\homepage.php on line 12.
 1 APPPATH\Views\Homepage\homepage.php(12): CodeIgniter\Debug\Exceptions->errorHandler(2, 'include(./header.php): Failed to open stream: No such file or directory', 'C:\\xampp\\htdocs\\codeigniter4-framework-e3821f9\\app\\Views\\Homepage\\homepage.php', 12)
 2 APPPATH\Views\Homepage\homepage.php(12): include()
 3 SYSTEMPATH\View\View.php(213): include('C:\\xampp\\htdocs\\codeigniter4-framework-e3821f9\\app\\Views\\Homepage\\homepage.php')
 4 SYSTEMPATH\View\View.php(216): CodeIgniter\View\View->CodeIgniter\View\{closure}()
 5 SYSTEMPATH\Common.php(1184): CodeIgniter\View\View->render('Homepage/homepage.php', [], true)
 6 APPPATH\Controllers\Mainpage.php(9): view('Homepage/homepage.php')
 7 SYSTEMPATH\CodeIgniter.php(934): App\Controllers\Mainpage->homepage()
 8 SYSTEMPATH\CodeIgniter.php(499): CodeIgniter\CodeIgniter->runController(Object(App\Controllers\Mainpage))
 9 SYSTEMPATH\CodeIgniter.php(368): CodeIgniter\CodeIgniter->handleRequest(null, Object(Config\Cache), false)
10 FCPATH\index.php(67): CodeIgniter\CodeIgniter->run()
CRITICAL - 2023-04-12 21:41:14 --> include(./header.php): Failed to open stream: No such file or directory
in APPPATH\Views\Homepage\homepage.php on line 12.
 1 APPPATH\Views\Homepage\homepage.php(12): CodeIgniter\Debug\Exceptions->errorHandler(2, 'include(./header.php): Failed to open stream: No such file or directory', 'C:\\xampp\\htdocs\\codeigniter4-framework-e3821f9\\app\\Views\\Homepage\\homepage.php', 12)
 2 APPPATH\Views\Homepage\homepage.php(12): include()
 3 SYSTEMPATH\View\View.php(213): include('C:\\xampp\\htdocs\\codeigniter4-framework-e3821f9\\app\\Views\\Homepage\\homepage.php')
 4 SYSTEMPATH\View\View.php(216): CodeIgniter\View\View->CodeIgniter\View\{closure}()
 5 SYSTEMPATH\Common.php(1184): CodeIgniter\View\View->render('Homepage/homepage.php', [], true)
 6 APPPATH\Controllers\Mainpage.php(9): view('Homepage/homepage.php')
 7 SYSTEMPATH\CodeIgniter.php(934): App\Controllers\Mainpage->homepage()
 8 SYSTEMPATH\CodeIgniter.php(499): CodeIgniter\CodeIgniter->runController(Object(App\Controllers\Mainpage))
 9 SYSTEMPATH\CodeIgniter.php(368): CodeIgniter\CodeIgniter->handleRequest(null, Object(Config\Cache), false)
10 FCPATH\index.php(67): CodeIgniter\CodeIgniter->run()
CRITICAL - 2023-04-12 21:41:23 --> include(./header.php): Failed to open stream: No such file or directory
in APPPATH\Views\Homepage\homepage.php on line 12.
 1 APPPATH\Views\Homepage\homepage.php(12): CodeIgniter\Debug\Exceptions->errorHandler(2, 'include(./header.php): Failed to open stream: No such file or directory', 'C:\\xampp\\htdocs\\codeigniter4-framework-e3821f9\\app\\Views\\Homepage\\homepage.php', 12)
 2 APPPATH\Views\Homepage\homepage.php(12): include()
 3 SYSTEMPATH\View\View.php(213): include('C:\\xampp\\htdocs\\codeigniter4-framework-e3821f9\\app\\Views\\Homepage\\homepage.php')
 4 SYSTEMPATH\View\View.php(216): CodeIgniter\View\View->CodeIgniter\View\{closure}()
 5 SYSTEMPATH\Common.php(1184): CodeIgniter\View\View->render('Homepage/homepage.php', [], true)
 6 APPPATH\Controllers\Mainpage.php(9): view('Homepage/homepage.php')
 7 SYSTEMPATH\CodeIgniter.php(934): App\Controllers\Mainpage->homepage()
 8 SYSTEMPATH\CodeIgniter.php(499): CodeIgniter\CodeIgniter->runController(Object(App\Controllers\Mainpage))
 9 SYSTEMPATH\CodeIgniter.php(368): CodeIgniter\CodeIgniter->handleRequest(null, Object(Config\Cache), false)
10 FCPATH\index.php(67): CodeIgniter\CodeIgniter->run()
CRITICAL - 2023-04-12 21:41:46 --> include(./header.php): Failed to open stream: No such file or directory
in APPPATH\Views\Homepage\homepage.php on line 12.
 1 APPPATH\Views\Homepage\homepage.php(12): CodeIgniter\Debug\Exceptions->errorHandler(2, 'include(./header.php): Failed to open stream: No such file or directory', 'C:\\xampp\\htdocs\\codeigniter4-framework-e3821f9\\app\\Views\\Homepage\\homepage.php', 12)
 2 APPPATH\Views\Homepage\homepage.php(12): include()
 3 SYSTEMPATH\View\View.php(213): include('C:\\xampp\\htdocs\\codeigniter4-framework-e3821f9\\app\\Views\\Homepage\\homepage.php')
 4 SYSTEMPATH\View\View.php(216): CodeIgniter\View\View->CodeIgniter\View\{closure}()
 5 SYSTEMPATH\Common.php(1184): CodeIgniter\View\View->render('Homepage/homepage.php', [], true)
 6 APPPATH\Controllers\Mainpage.php(9): view('Homepage/homepage.php')
 7 SYSTEMPATH\CodeIgniter.php(934): App\Controllers\Mainpage->homepage()
 8 SYSTEMPATH\CodeIgniter.php(499): CodeIgniter\CodeIgniter->runController(Object(App\Controllers\Mainpage))
 9 SYSTEMPATH\CodeIgniter.php(368): CodeIgniter\CodeIgniter->handleRequest(null, Object(Config\Cache), false)
10 FCPATH\index.php(67): CodeIgniter\CodeIgniter->run()
CRITICAL - 2023-04-12 21:41:47 --> include(./header.php): Failed to open stream: No such file or directory
in APPPATH\Views\Homepage\homepage.php on line 12.
 1 APPPATH\Views\Homepage\homepage.php(12): CodeIgniter\Debug\Exceptions->errorHandler(2, 'include(./header.php): Failed to open stream: No such file or directory', 'C:\\xampp\\htdocs\\codeigniter4-framework-e3821f9\\app\\Views\\Homepage\\homepage.php', 12)
 2 APPPATH\Views\Homepage\homepage.php(12): include()
 3 SYSTEMPATH\View\View.php(213): include('C:\\xampp\\htdocs\\codeigniter4-framework-e3821f9\\app\\Views\\Homepage\\homepage.php')
 4 SYSTEMPATH\View\View.php(216): CodeIgniter\View\View->CodeIgniter\View\{closure}()
 5 SYSTEMPATH\Common.php(1184): CodeIgniter\View\View->render('Homepage/homepage.php', [], true)
 6 APPPATH\Controllers\Mainpage.php(9): view('Homepage/homepage.php')
 7 SYSTEMPATH\CodeIgniter.php(934): App\Controllers\Mainpage->homepage()
 8 SYSTEMPATH\CodeIgniter.php(499): CodeIgniter\CodeIgniter->runController(Object(App\Controllers\Mainpage))
 9 SYSTEMPATH\CodeIgniter.php(368): CodeIgniter\CodeIgniter->handleRequest(null, Object(Config\Cache), false)
10 FCPATH\index.php(67): CodeIgniter\CodeIgniter->run()
CRITICAL - 2023-04-12 21:41:47 --> include(./header.php): Failed to open stream: No such file or directory
in APPPATH\Views\Homepage\homepage.php on line 12.
 1 APPPATH\Views\Homepage\homepage.php(12): CodeIgniter\Debug\Exceptions->errorHandler(2, 'include(./header.php): Failed to open stream: No such file or directory', 'C:\\xampp\\htdocs\\codeigniter4-framework-e3821f9\\app\\Views\\Homepage\\homepage.php', 12)
 2 APPPATH\Views\Homepage\homepage.php(12): include()
 3 SYSTEMPATH\View\View.php(213): include('C:\\xampp\\htdocs\\codeigniter4-framework-e3821f9\\app\\Views\\Homepage\\homepage.php')
 4 SYSTEMPATH\View\View.php(216): CodeIgniter\View\View->CodeIgniter\View\{closure}()
 5 SYSTEMPATH\Common.php(1184): CodeIgniter\View\View->render('Homepage/homepage.php', [], true)
 6 APPPATH\Controllers\Mainpage.php(9): view('Homepage/homepage.php')
 7 SYSTEMPATH\CodeIgniter.php(934): App\Controllers\Mainpage->homepage()
 8 SYSTEMPATH\CodeIgniter.php(499): CodeIgniter\CodeIgniter->runController(Object(App\Controllers\Mainpage))
 9 SYSTEMPATH\CodeIgniter.php(368): CodeIgniter\CodeIgniter->handleRequest(null, Object(Config\Cache), false)
10 FCPATH\index.php(67): CodeIgniter\CodeIgniter->run()
CRITICAL - 2023-04-12 21:41:48 --> include(./header.php): Failed to open stream: No such file or directory
in APPPATH\Views\Homepage\homepage.php on line 12.
 1 APPPATH\Views\Homepage\homepage.php(12): CodeIgniter\Debug\Exceptions->errorHandler(2, 'include(./header.php): Failed to open stream: No such file or directory', 'C:\\xampp\\htdocs\\codeigniter4-framework-e3821f9\\app\\Views\\Homepage\\homepage.php', 12)
 2 APPPATH\Views\Homepage\homepage.php(12): include()
 3 SYSTEMPATH\View\View.php(213): include('C:\\xampp\\htdocs\\codeigniter4-framework-e3821f9\\app\\Views\\Homepage\\homepage.php')
 4 SYSTEMPATH\View\View.php(216): CodeIgniter\View\View->CodeIgniter\View\{closure}()
 5 SYSTEMPATH\Common.php(1184): CodeIgniter\View\View->render('Homepage/homepage.php', [], true)
 6 APPPATH\Controllers\Mainpage.php(9): view('Homepage/homepage.php')
 7 SYSTEMPATH\CodeIgniter.php(934): App\Controllers\Mainpage->homepage()
 8 SYSTEMPATH\CodeIgniter.php(499): CodeIgniter\CodeIgniter->runController(Object(App\Controllers\Mainpage))
 9 SYSTEMPATH\CodeIgniter.php(368): CodeIgniter\CodeIgniter->handleRequest(null, Object(Config\Cache), false)
10 FCPATH\index.php(67): CodeIgniter\CodeIgniter->run()
CRITICAL - 2023-04-12 21:41:48 --> include(./header.php): Failed to open stream: No such file or directory
in APPPATH\Views\Homepage\homepage.php on line 12.
 1 APPPATH\Views\Homepage\homepage.php(12): CodeIgniter\Debug\Exceptions->errorHandler(2, 'include(./header.php): Failed to open stream: No such file or directory', 'C:\\xampp\\htdocs\\codeigniter4-framework-e3821f9\\app\\Views\\Homepage\\homepage.php', 12)
 2 APPPATH\Views\Homepage\homepage.php(12): include()
 3 SYSTEMPATH\View\View.php(213): include('C:\\xampp\\htdocs\\codeigniter4-framework-e3821f9\\app\\Views\\Homepage\\homepage.php')
 4 SYSTEMPATH\View\View.php(216): CodeIgniter\View\View->CodeIgniter\View\{closure}()
 5 SYSTEMPATH\Common.php(1184): CodeIgniter\View\View->render('Homepage/homepage.php', [], true)
 6 APPPATH\Controllers\Mainpage.php(9): view('Homepage/homepage.php')
 7 SYSTEMPATH\CodeIgniter.php(934): App\Controllers\Mainpage->homepage()
 8 SYSTEMPATH\CodeIgniter.php(499): CodeIgniter\CodeIgniter->runController(Object(App\Controllers\Mainpage))
 9 SYSTEMPATH\CodeIgniter.php(368): CodeIgniter\CodeIgniter->handleRequest(null, Object(Config\Cache), false)
10 FCPATH\index.php(67): CodeIgniter\CodeIgniter->run()
CRITICAL - 2023-04-12 21:43:16 --> include(./header.php): Failed to open stream: No such file or directory
in APPPATH\Views\Homepage\homepage.php on line 12.
 1 APPPATH\Views\Homepage\homepage.php(12): CodeIgniter\Debug\Exceptions->errorHandler(2, 'include(./header.php): Failed to open stream: No such file or directory', 'C:\\xampp\\htdocs\\codeigniter4-framework-e3821f9\\app\\Views\\Homepage\\homepage.php', 12)
 2 APPPATH\Views\Homepage\homepage.php(12): include()
 3 SYSTEMPATH\View\View.php(213): include('C:\\xampp\\htdocs\\codeigniter4-framework-e3821f9\\app\\Views\\Homepage\\homepage.php')
 4 SYSTEMPATH\View\View.php(216): CodeIgniter\View\View->CodeIgniter\View\{closure}()
 5 SYSTEMPATH\Common.php(1184): CodeIgniter\View\View->render('Homepage/homepage.php', [], true)
 6 APPPATH\Controllers\Mainpage.php(9): view('Homepage/homepage.php')
 7 SYSTEMPATH\CodeIgniter.php(934): App\Controllers\Mainpage->homepage()
 8 SYSTEMPATH\CodeIgniter.php(499): CodeIgniter\CodeIgniter->runController(Object(App\Controllers\Mainpage))
 9 SYSTEMPATH\CodeIgniter.php(368): CodeIgniter\CodeIgniter->handleRequest(null, Object(Config\Cache), false)
10 FCPATH\index.php(67): CodeIgniter\CodeIgniter->run()
CRITICAL - 2023-04-12 22:20:42 --> include(./header.php): Failed to open stream: No such file or directory
in APPPATH\Views\Homepage\homepage.php on line 12.
 1 APPPATH\Views\Homepage\homepage.php(12): CodeIgniter\Debug\Exceptions->errorHandler(2, 'include(./header.php): Failed to open stream: No such file or directory', 'C:\\xampp\\htdocs\\codeigniter4-framework-e3821f9\\app\\Views\\Homepage\\homepage.php', 12)
 2 APPPATH\Views\Homepage\homepage.php(12): include()
 3 SYSTEMPATH\View\View.php(213): include('C:\\xampp\\htdocs\\codeigniter4-framework-e3821f9\\app\\Views\\Homepage\\homepage.php')
 4 SYSTEMPATH\View\View.php(216): CodeIgniter\View\View->CodeIgniter\View\{closure}()
 5 SYSTEMPATH\Common.php(1184): CodeIgniter\View\View->render('Homepage/homepage.php', [], true)
 6 APPPATH\Controllers\Mainpage.php(9): view('Homepage/homepage.php')
 7 SYSTEMPATH\CodeIgniter.php(934): App\Controllers\Mainpage->homepage()
 8 SYSTEMPATH\CodeIgniter.php(499): CodeIgniter\CodeIgniter->runController(Object(App\Controllers\Mainpage))
 9 SYSTEMPATH\CodeIgniter.php(368): CodeIgniter\CodeIgniter->handleRequest(null, Object(Config\Cache), false)
10 FCPATH\index.php(67): CodeIgniter\CodeIgniter->run()
CRITICAL - 2023-04-12 22:22:11 --> include(./header.php): Failed to open stream: No such file or directory
in APPPATH\Views\Homepage\homepage.php on line 12.
 1 APPPATH\Views\Homepage\homepage.php(12): CodeIgniter\Debug\Exceptions->errorHandler(2, 'include(./header.php): Failed to open stream: No such file or directory', 'C:\\xampp\\htdocs\\codeigniter4-framework-e3821f9\\app\\Views\\Homepage\\homepage.php', 12)
 2 APPPATH\Views\Homepage\homepage.php(12): include()
 3 SYSTEMPATH\View\View.php(213): include('C:\\xampp\\htdocs\\codeigniter4-framework-e3821f9\\app\\Views\\Homepage\\homepage.php')
 4 SYSTEMPATH\View\View.php(216): CodeIgniter\View\View->CodeIgniter\View\{closure}()
 5 SYSTEMPATH\Common.php(1184): CodeIgniter\View\View->render('Homepage/homepage.php', [], true)
 6 APPPATH\Controllers\Mainpage.php(9): view('Homepage/homepage.php')
 7 SYSTEMPATH\CodeIgniter.php(934): App\Controllers\Mainpage->homepage()
 8 SYSTEMPATH\CodeIgniter.php(499): CodeIgniter\CodeIgniter->runController(Object(App\Controllers\Mainpage))
 9 SYSTEMPATH\CodeIgniter.php(368): CodeIgniter\CodeIgniter->handleRequest(null, Object(Config\Cache), false)
10 FCPATH\index.php(67): CodeIgniter\CodeIgniter->run()
CRITICAL - 2023-04-12 22:22:19 --> include(./header.php): Failed to open stream: No such file or directory
in APPPATH\Views\Homepage\homepage.php on line 12.
 1 APPPATH\Views\Homepage\homepage.php(12): CodeIgniter\Debug\Exceptions->errorHandler(2, 'include(./header.php): Failed to open stream: No such file or directory', 'C:\\xampp\\htdocs\\codeigniter4-framework-e3821f9\\app\\Views\\Homepage\\homepage.php', 12)
 2 APPPATH\Views\Homepage\homepage.php(12): include()
 3 SYSTEMPATH\View\View.php(213): include('C:\\xampp\\htdocs\\codeigniter4-framework-e3821f9\\app\\Views\\Homepage\\homepage.php')
 4 SYSTEMPATH\View\View.php(216): CodeIgniter\View\View->CodeIgniter\View\{closure}()
 5 SYSTEMPATH\Common.php(1184): CodeIgniter\View\View->render('Homepage/homepage.php', [], true)
 6 APPPATH\Controllers\Mainpage.php(9): view('Homepage/homepage.php')
 7 SYSTEMPATH\CodeIgniter.php(934): App\Controllers\Mainpage->homepage()
 8 SYSTEMPATH\CodeIgniter.php(499): CodeIgniter\CodeIgniter->runController(Object(App\Controllers\Mainpage))
 9 SYSTEMPATH\CodeIgniter.php(368): CodeIgniter\CodeIgniter->handleRequest(null, Object(Config\Cache), false)
10 FCPATH\index.php(67): CodeIgniter\CodeIgniter->run()
CRITICAL - 2023-04-12 22:23:00 --> include(./header.php): Failed to open stream: No such file or directory
in APPPATH\Views\Homepage\homepage.php on line 12.
 1 APPPATH\Views\Homepage\homepage.php(12): CodeIgniter\Debug\Exceptions->errorHandler(2, 'include(./header.php): Failed to open stream: No such file or directory', 'C:\\xampp\\htdocs\\codeigniter4-framework-e3821f9\\app\\Views\\Homepage\\homepage.php', 12)
 2 APPPATH\Views\Homepage\homepage.php(12): include()
 3 SYSTEMPATH\View\View.php(213): include('C:\\xampp\\htdocs\\codeigniter4-framework-e3821f9\\app\\Views\\Homepage\\homepage.php')
 4 SYSTEMPATH\View\View.php(216): CodeIgniter\View\View->CodeIgniter\View\{closure}()
 5 SYSTEMPATH\Common.php(1184): CodeIgniter\View\View->render('Homepage/homepage.php', [], true)
 6 APPPATH\Controllers\Mainpage.php(9): view('Homepage/homepage.php')
 7 SYSTEMPATH\CodeIgniter.php(934): App\Controllers\Mainpage->index()
 8 SYSTEMPATH\CodeIgniter.php(499): CodeIgniter\CodeIgniter->runController(Object(App\Controllers\Mainpage))
 9 SYSTEMPATH\CodeIgniter.php(368): CodeIgniter\CodeIgniter->handleRequest(null, Object(Config\Cache), false)
10 FCPATH\index.php(67): CodeIgniter\CodeIgniter->run()
CRITICAL - 2023-04-12 22:23:05 --> include(./header.php): Failed to open stream: No such file or directory
in APPPATH\Views\Homepage\homepage.php on line 12.
 1 APPPATH\Views\Homepage\homepage.php(12): CodeIgniter\Debug\Exceptions->errorHandler(2, 'include(./header.php): Failed to open stream: No such file or directory', 'C:\\xampp\\htdocs\\codeigniter4-framework-e3821f9\\app\\Views\\Homepage\\homepage.php', 12)
 2 APPPATH\Views\Homepage\homepage.php(12): include()
 3 SYSTEMPATH\View\View.php(213): include('C:\\xampp\\htdocs\\codeigniter4-framework-e3821f9\\app\\Views\\Homepage\\homepage.php')
 4 SYSTEMPATH\View\View.php(216): CodeIgniter\View\View->CodeIgniter\View\{closure}()
 5 SYSTEMPATH\Common.php(1184): CodeIgniter\View\View->render('Homepage/homepage.php', [], true)
 6 APPPATH\Controllers\Mainpage.php(9): view('Homepage/homepage.php')
 7 SYSTEMPATH\CodeIgniter.php(934): App\Controllers\Mainpage->index()
 8 SYSTEMPATH\CodeIgniter.php(499): CodeIgniter\CodeIgniter->runController(Object(App\Controllers\Mainpage))
 9 SYSTEMPATH\CodeIgniter.php(368): CodeIgniter\CodeIgniter->handleRequest(null, Object(Config\Cache), false)
10 FCPATH\index.php(67): CodeIgniter\CodeIgniter->run()
CRITICAL - 2023-04-12 22:44:24 --> include(./header.php): Failed to open stream: No such file or directory
in APPPATH\Views\Homepage\homepage.php on line 12.
 1 APPPATH\Views\Homepage\homepage.php(12): CodeIgniter\Debug\Exceptions->errorHandler(2, 'include(./header.php): Failed to open stream: No such file or directory', 'C:\\xampp\\htdocs\\codeigniter4-framework-e3821f9\\app\\Views\\Homepage\\homepage.php', 12)
 2 APPPATH\Views\Homepage\homepage.php(12): include()
 3 SYSTEMPATH\View\View.php(213): include('C:\\xampp\\htdocs\\codeigniter4-framework-e3821f9\\app\\Views\\Homepage\\homepage.php')
 4 SYSTEMPATH\View\View.php(216): CodeIgniter\View\View->CodeIgniter\View\{closure}()
 5 SYSTEMPATH\Common.php(1184): CodeIgniter\View\View->render('Homepage/homepage', [], true)
 6 APPPATH\Controllers\Mainpage.php(9): view('Homepage/homepage')
 7 SYSTEMPATH\CodeIgniter.php(934): App\Controllers\Mainpage->index()
 8 SYSTEMPATH\CodeIgniter.php(499): CodeIgniter\CodeIgniter->runController(Object(App\Controllers\Mainpage))
 9 SYSTEMPATH\CodeIgniter.php(368): CodeIgniter\CodeIgniter->handleRequest(null, Object(Config\Cache), false)
10 FCPATH\index.php(67): CodeIgniter\CodeIgniter->run()
CRITICAL - 2023-04-12 22:44:40 --> include(./header.php): Failed to open stream: No such file or directory
in APPPATH\Views\Homepage\homepage.php on line 12.
 1 APPPATH\Views\Homepage\homepage.php(12): CodeIgniter\Debug\Exceptions->errorHandler(2, 'include(./header.php): Failed to open stream: No such file or directory', 'C:\\xampp\\htdocs\\codeigniter4-framework-e3821f9\\app\\Views\\Homepage\\homepage.php', 12)
 2 APPPATH\Views\Homepage\homepage.php(12): include()
 3 SYSTEMPATH\View\View.php(213): include('C:\\xampp\\htdocs\\codeigniter4-framework-e3821f9\\app\\Views\\Homepage\\homepage.php')
 4 SYSTEMPATH\View\View.php(216): CodeIgniter\View\View->CodeIgniter\View\{closure}()
 5 SYSTEMPATH\Common.php(1184): CodeIgniter\View\View->render('Homepage/homepage', [], true)
 6 APPPATH\Controllers\Mainpage.php(9): view('Homepage/homepage')
 7 SYSTEMPATH\CodeIgniter.php(934): App\Controllers\Mainpage->index()
 8 SYSTEMPATH\CodeIgniter.php(499): CodeIgniter\CodeIgniter->runController(Object(App\Controllers\Mainpage))
 9 SYSTEMPATH\CodeIgniter.php(368): CodeIgniter\CodeIgniter->handleRequest(null, Object(Config\Cache), false)
10 FCPATH\index.php(67): CodeIgniter\CodeIgniter->run()
CRITICAL - 2023-04-12 22:44:41 --> include(./header.php): Failed to open stream: No such file or directory
in APPPATH\Views\Homepage\homepage.php on line 12.
 1 APPPATH\Views\Homepage\homepage.php(12): CodeIgniter\Debug\Exceptions->errorHandler(2, 'include(./header.php): Failed to open stream: No such file or directory', 'C:\\xampp\\htdocs\\codeigniter4-framework-e3821f9\\app\\Views\\Homepage\\homepage.php', 12)
 2 APPPATH\Views\Homepage\homepage.php(12): include()
 3 SYSTEMPATH\View\View.php(213): include('C:\\xampp\\htdocs\\codeigniter4-framework-e3821f9\\app\\Views\\Homepage\\homepage.php')
 4 SYSTEMPATH\View\View.php(216): CodeIgniter\View\View->CodeIgniter\View\{closure}()
 5 SYSTEMPATH\Common.php(1184): CodeIgniter\View\View->render('Homepage/homepage', [], true)
 6 APPPATH\Controllers\Mainpage.php(9): view('Homepage/homepage')
 7 SYSTEMPATH\CodeIgniter.php(934): App\Controllers\Mainpage->index()
 8 SYSTEMPATH\CodeIgniter.php(499): CodeIgniter\CodeIgniter->runController(Object(App\Controllers\Mainpage))
 9 SYSTEMPATH\CodeIgniter.php(368): CodeIgniter\CodeIgniter->handleRequest(null, Object(Config\Cache), false)
10 FCPATH\index.php(67): CodeIgniter\CodeIgniter->run()
CRITICAL - 2023-04-12 22:45:28 --> Invalid file: "Homepage/homepage.php"
in SYSTEMPATH\Exceptions\FrameworkException.php on line 33.
 1 SYSTEMPATH\View\View.php(201): CodeIgniter\Exceptions\FrameworkException::forInvalidFile('Homepage/homepage.php')
 2 SYSTEMPATH\Common.php(1184): CodeIgniter\View\View->render('Homepage/homepage', [], true)
 3 APPPATH\Controllers\Mainpage.php(9): view('Homepage/homepage')
 4 SYSTEMPATH\CodeIgniter.php(934): App\Controllers\Mainpage->index()
 5 SYSTEMPATH\CodeIgniter.php(499): CodeIgniter\CodeIgniter->runController(Object(App\Controllers\Mainpage))
 6 SYSTEMPATH\CodeIgniter.php(368): CodeIgniter\CodeIgniter->handleRequest(null, Object(Config\Cache), false)
 7 FCPATH\index.php(67): CodeIgniter\CodeIgniter->run()
CRITICAL - 2023-04-12 22:46:33 --> Invalid file: "Homepage/homepage.php"
in SYSTEMPATH\Exceptions\FrameworkException.php on line 33.
 1 SYSTEMPATH\View\View.php(201): CodeIgniter\Exceptions\FrameworkException::forInvalidFile('Homepage/homepage.php')
 2 SYSTEMPATH\Common.php(1184): CodeIgniter\View\View->render('Homepage/homepage', [], true)
 3 APPPATH\Controllers\Mainpage.php(9): view('Homepage/homepage')
 4 SYSTEMPATH\CodeIgniter.php(934): App\Controllers\Mainpage->index()
 5 SYSTEMPATH\CodeIgniter.php(499): CodeIgniter\CodeIgniter->runController(Object(App\Controllers\Mainpage))
 6 SYSTEMPATH\CodeIgniter.php(368): CodeIgniter\CodeIgniter->handleRequest(null, Object(Config\Cache), false)
 7 FCPATH\index.php(67): CodeIgniter\CodeIgniter->run()
CRITICAL - 2023-04-12 22:47:47 --> Invalid file: "Homepage/homepage.php"
in SYSTEMPATH\Exceptions\FrameworkException.php on line 33.
 1 SYSTEMPATH\View\View.php(201): CodeIgniter\Exceptions\FrameworkException::forInvalidFile('Homepage/homepage.php')
 2 SYSTEMPATH\Common.php(1184): CodeIgniter\View\View->render('Homepage/homepage', [], true)
 3 APPPATH\Controllers\Mainpage.php(9): view('Homepage/homepage')
 4 SYSTEMPATH\CodeIgniter.php(934): App\Controllers\Mainpage->index()
 5 SYSTEMPATH\CodeIgniter.php(499): CodeIgniter\CodeIgniter->runController(Object(App\Controllers\Mainpage))
 6 SYSTEMPATH\CodeIgniter.php(368): CodeIgniter\CodeIgniter->handleRequest(null, Object(Config\Cache), false)
 7 FCPATH\index.php(67): CodeIgniter\CodeIgniter->run()
CRITICAL - 2023-04-12 22:47:54 --> Invalid file: "Homepage/homepage.php"
in SYSTEMPATH\Exceptions\FrameworkException.php on line 33.
 1 SYSTEMPATH\View\View.php(201): CodeIgniter\Exceptions\FrameworkException::forInvalidFile('Homepage/homepage.php')
 2 SYSTEMPATH\Common.php(1184): CodeIgniter\View\View->render('Homepage/homepage', [], true)
 3 APPPATH\Controllers\Mainpage.php(9): view('Homepage/homepage')
 4 SYSTEMPATH\CodeIgniter.php(934): App\Controllers\Mainpage->index()
 5 SYSTEMPATH\CodeIgniter.php(499): CodeIgniter\CodeIgniter->runController(Object(App\Controllers\Mainpage))
 6 SYSTEMPATH\CodeIgniter.php(368): CodeIgniter\CodeIgniter->handleRequest(null, Object(Config\Cache), false)
 7 FCPATH\index.php(67): CodeIgniter\CodeIgniter->run()
CRITICAL - 2023-04-12 22:48:40 --> Invalid file: "Homepage/homepage.php"
in SYSTEMPATH\Exceptions\FrameworkException.php on line 33.
 1 SYSTEMPATH\View\View.php(201): CodeIgniter\Exceptions\FrameworkException::forInvalidFile('Homepage/homepage.php')
 2 SYSTEMPATH\Common.php(1184): CodeIgniter\View\View->render('Homepage/homepage', [], true)
 3 APPPATH\Controllers\Mainpage.php(9): view('Homepage/homepage')
 4 SYSTEMPATH\CodeIgniter.php(934): App\Controllers\Mainpage->index()
 5 SYSTEMPATH\CodeIgniter.php(499): CodeIgniter\CodeIgniter->runController(Object(App\Controllers\Mainpage))
 6 SYSTEMPATH\CodeIgniter.php(368): CodeIgniter\CodeIgniter->handleRequest(null, Object(Config\Cache), false)
 7 FCPATH\index.php(67): CodeIgniter\CodeIgniter->run()
CRITICAL - 2023-04-12 22:48:47 --> Invalid file: "Homepage/homepage.php"
in SYSTEMPATH\Exceptions\FrameworkException.php on line 33.
 1 SYSTEMPATH\View\View.php(201): CodeIgniter\Exceptions\FrameworkException::forInvalidFile('Homepage/homepage.php')
 2 SYSTEMPATH\Common.php(1184): CodeIgniter\View\View->render('Homepage/homepage', [], true)
 3 APPPATH\Controllers\Mainpage.php(9): view('Homepage/homepage')
 4 SYSTEMPATH\CodeIgniter.php(934): App\Controllers\Mainpage->index()
 5 SYSTEMPATH\CodeIgniter.php(499): CodeIgniter\CodeIgniter->runController(Object(App\Controllers\Mainpage))
 6 SYSTEMPATH\CodeIgniter.php(368): CodeIgniter\CodeIgniter->handleRequest(null, Object(Config\Cache), false)
 7 FCPATH\index.php(67): CodeIgniter\CodeIgniter->run()
